[2018-03-27 05:57:23,229] DEBUG using room_url: ^meeting/(?P<room_id>[^/]+)/$
[2018-03-27 05:57:30,679] DEBUG using room_url: ^meeting/(?P<room_id>[^/]+)/$
[2018-03-27 05:57:30,685] DEBUG using room_url: ^meeting/(?P<room_id>[^/]+)/$
[2018-03-27 05:58:08,109] INFO msg ip: 127.0.0.1, port: 36262 ,channel:websocket.send!dMziigheAQPb
[2018-03-27 05:58:08,110] INFO start
[2018-03-27 05:58:08,110] INFO starts
[2018-03-27 05:58:08,110] INFO startss
[2018-03-27 05:58:08,111] INFO Msg sent
[2018-03-27 05:58:10,224] INFO msg ip: 127.0.0.1, port: 36266 ,channel:websocket.send!KGqNwktUdYul
[2018-03-27 05:58:10,225] INFO start
[2018-03-27 05:58:10,225] INFO starts
[2018-03-27 05:58:10,225] INFO startss
[2018-03-27 05:58:10,226] INFO Msg sent
[2018-03-27 05:59:02,049] INFO msg ip: 127.0.0.1, port: 36322 ,channel:websocket.send!KjBAUdvXQiCN
[2018-03-27 05:59:02,050] INFO start
[2018-03-27 05:59:02,050] INFO starts
[2018-03-27 05:59:02,050] INFO startss
[2018-03-27 05:59:02,051] INFO Msg sent
[2018-03-27 05:59:24,168] INFO msg ip: 127.0.0.1, port: 36372 ,channel:websocket.send!rVROqHdRtHYP
[2018-03-27 05:59:24,169] INFO start
[2018-03-27 05:59:24,169] INFO starts
[2018-03-27 05:59:24,170] INFO startss
[2018-03-27 05:59:24,171] INFO Msg sent
[2018-03-27 05:59:45,798] INFO msg ip: 127.0.0.1, port: 36398 ,channel:websocket.send!leykNwccPenI
[2018-03-27 05:59:45,799] INFO start
[2018-03-27 05:59:45,799] INFO starts
[2018-03-27 05:59:45,799] INFO startss
[2018-03-27 05:59:45,800] INFO Msg sent
[2018-03-27 06:00:05,518] INFO msg ip: 127.0.0.1, port: 36414 ,channel:websocket.send!PYQTsSAfLVlf
[2018-03-27 06:00:05,519] INFO start
[2018-03-27 06:00:05,519] INFO starts
[2018-03-27 06:00:05,520] INFO startss
[2018-03-27 06:00:05,520] INFO Msg sent
[2018-03-27 06:01:12,719] INFO msg ip: 127.0.0.1, port: 36478 ,channel:websocket.send!dImUwcKaHpPe
[2018-03-27 06:01:12,720] INFO start
[2018-03-27 06:01:12,720] INFO starts
[2018-03-27 06:01:12,720] INFO startss
[2018-03-27 06:01:12,721] INFO Msg sent
[2018-03-27 06:02:44,441] INFO msg ip: 127.0.0.1, port: 36686 ,channel:websocket.send!YbnFyagJqQft
[2018-03-27 06:02:44,441] INFO start
[2018-03-27 06:02:44,442] INFO starts
[2018-03-27 06:02:44,442] INFO startss
[2018-03-27 06:02:44,442] INFO Msg sent
[2018-03-27 06:05:40,381] INFO msg ip: 127.0.0.1, port: 37464 ,channel:websocket.send!aIojrMmGiWfl
[2018-03-27 06:05:40,382] INFO start
[2018-03-27 06:05:40,382] INFO starts
[2018-03-27 06:05:40,382] INFO startss
[2018-03-27 06:05:40,383] INFO Msg sent
[2018-03-27 06:06:51,285] INFO msg ip: 127.0.0.1, port: 37806 ,channel:websocket.send!OzRtKTUnGwae
[2018-03-27 06:06:51,286] INFO start
[2018-03-27 06:06:51,286] INFO starts
[2018-03-27 06:06:51,286] INFO startss
[2018-03-27 06:06:51,287] INFO Msg sent
[2018-03-27 06:06:53,790] INFO msg ip: 127.0.0.1, port: 37834 ,channel:websocket.send!wpxuOVecOArT
[2018-03-27 06:06:53,791] INFO start
[2018-03-27 06:06:53,791] INFO starts
[2018-03-27 06:06:53,792] INFO startss
[2018-03-27 06:06:53,793] INFO Msg sent
[2018-03-27 06:08:11,788] INFO msg ip: 127.0.0.1, port: 38210 ,channel:websocket.send!PYHNDIjNVQHS
[2018-03-27 06:08:11,788] INFO start
[2018-03-27 06:08:11,788] INFO starts
[2018-03-27 06:08:11,789] INFO startss
[2018-03-27 06:08:11,789] INFO Msg sent
[2018-03-27 06:09:14,170] INFO msg ip: 127.0.0.1, port: 38356 ,channel:websocket.send!fVtNNerErbee
[2018-03-27 06:09:14,171] INFO start
[2018-03-27 06:09:14,171] INFO starts
[2018-03-27 06:09:14,171] INFO startss
[2018-03-27 06:09:14,172] INFO Msg sent
[2018-03-27 06:09:23,275] INFO msg ip: 127.0.0.1, port: 38384 ,channel:websocket.send!LfojLAleJMpQ
[2018-03-27 06:09:23,276] INFO start
[2018-03-27 06:09:23,276] INFO starts
[2018-03-27 06:09:23,277] INFO startss
[2018-03-27 06:09:23,277] INFO Msg sent
[2018-03-27 06:16:24,660] INFO msg ip: 127.0.0.1, port: 38442 ,channel:websocket.send!TOBMYhUbjrsG
[2018-03-27 06:16:24,660] INFO start
[2018-03-27 06:16:24,661] INFO starts
[2018-03-27 06:16:24,661] INFO startss
[2018-03-27 06:16:24,662] INFO Msg sent
[2018-03-27 06:16:39,904] INFO msg ip: 127.0.0.1, port: 38514 ,channel:websocket.send!tCYiBHVcQHWa
[2018-03-27 06:16:39,905] INFO start
[2018-03-27 06:16:39,905] INFO starts
[2018-03-27 06:16:39,905] INFO startss
[2018-03-27 06:16:39,906] INFO Msg sent
[2018-03-27 06:18:34,351] DEBUG using room_url: ^meeting/(?P<room_id>[^/]+)/$
[2018-03-27 06:18:34,374] DEBUG using room_url: ^meeting/(?P<room_id>[^/]+)/$
[2018-03-27 06:20:09,621] INFO msg ip: 127.0.0.1, port: 39144 ,channel:websocket.send!atqxHKrbSDVx
[2018-03-27 06:20:09,622] INFO start
[2018-03-27 06:20:09,622] INFO starts
[2018-03-27 06:20:09,622] INFO startss
[2018-03-27 06:20:09,623] INFO Msg sent
[2018-03-27 06:20:30,469] INFO msg ip: 127.0.0.1, port: 39218 ,channel:websocket.send!OlquKMhfBtBN
[2018-03-27 06:20:30,469] INFO start
[2018-03-27 06:20:30,470] INFO starts
[2018-03-27 06:20:30,470] INFO startss
[2018-03-27 06:20:30,470] INFO Msg sent
[2018-03-27 06:20:51,342] INFO msg ip: 127.0.0.1, port: 39266 ,channel:websocket.send!pJgsCWlrgBqN
[2018-03-27 06:20:51,343] INFO start
[2018-03-27 06:20:51,343] INFO starts
[2018-03-27 06:20:51,343] INFO startss
[2018-03-27 06:20:51,344] INFO Msg sent
[2018-03-27 06:36:38,028] INFO msg ip: 127.0.0.1, port: 43058 ,channel:websocket.send!hJJhosiyUswW
[2018-03-27 06:36:38,029] INFO start
[2018-03-27 06:36:38,029] INFO starts
[2018-03-27 06:36:38,029] INFO startss
[2018-03-27 06:36:38,029] INFO Msg sent
[2018-03-27 06:40:38,763] INFO msg ip: 127.0.0.1, port: 44014 ,channel:websocket.send!hDFQNJURNHGZ
[2018-03-27 06:40:38,764] INFO start
[2018-03-27 06:40:38,764] INFO starts
[2018-03-27 06:40:38,764] INFO startss
[2018-03-27 06:40:38,764] INFO Msg sent
[2018-03-27 06:49:10,103] DEBUG using room_url: ^meeting/(?P<room_id>[^/]+)/$
[2018-03-27 06:49:10,146] DEBUG using room_url: ^meeting/(?P<room_id>[^/]+)/$
[2018-03-27 06:50:12,880] INFO msg ip: 127.0.0.1, port: 46406 ,channel:websocket.send!iKrJtczBXHZq
[2018-03-27 06:50:12,880] INFO start
[2018-03-27 06:50:12,881] INFO starts
[2018-03-27 06:50:12,881] INFO startss
[2018-03-27 06:50:12,881] INFO Msg sent
[2018-03-27 06:51:50,352] INFO msg ip: 127.0.0.1, port: 46858 ,channel:websocket.send!quZyWqWFBUGo
[2018-03-27 06:51:50,353] INFO start
[2018-03-27 06:51:50,353] INFO starts
[2018-03-27 06:51:50,353] INFO startss
[2018-03-27 06:51:50,354] INFO Msg sent
[2018-03-27 06:52:52,012] INFO msg ip: 127.0.0.1, port: 47176 ,channel:websocket.send!MtOqqTtOUEKY
[2018-03-27 06:52:52,013] INFO start
[2018-03-27 06:52:52,013] INFO starts
[2018-03-27 06:52:52,013] INFO startss
[2018-03-27 06:52:52,014] INFO Msg sent
[2018-03-27 06:53:44,766] INFO msg ip: 127.0.0.1, port: 47408 ,channel:websocket.send!BSwlaIOtnFve
[2018-03-27 06:53:44,767] INFO start
[2018-03-27 06:53:44,767] INFO starts
[2018-03-27 06:53:44,767] INFO startss
[2018-03-27 06:53:44,767] INFO Msg sent
[2018-03-27 06:53:48,111] INFO msg ip: 127.0.0.1, port: 47436 ,channel:websocket.send!qHoREHUrqJjE
[2018-03-27 06:53:48,112] INFO start
[2018-03-27 06:53:48,112] INFO starts
[2018-03-27 06:53:48,112] INFO startss
[2018-03-27 06:53:48,114] INFO Msg sent
[2018-03-27 06:54:34,333] INFO msg ip: 127.0.0.1, port: 47680 ,channel:websocket.send!lbFFGtWcMlzB
[2018-03-27 06:54:34,334] INFO start
[2018-03-27 06:54:34,334] INFO starts
[2018-03-27 06:54:34,334] INFO startss
[2018-03-27 06:54:34,335] INFO Msg sent
[2018-03-27 06:58:20,585] INFO msg ip: 127.0.0.1, port: 48626 ,channel:websocket.send!YZtXRmDIKTMU
[2018-03-27 06:58:20,586] INFO start
[2018-03-27 06:58:20,586] INFO starts
[2018-03-27 06:58:20,586] INFO startss
[2018-03-27 06:58:20,587] INFO Msg sent
[2018-03-27 06:58:22,309] INFO msg ip: 127.0.0.1, port: 48640 ,channel:websocket.send!LIrrZpHjLcQs
[2018-03-27 06:58:22,310] INFO start
[2018-03-27 06:58:22,310] INFO starts
[2018-03-27 06:58:22,310] INFO startss
[2018-03-27 06:58:22,313] INFO Msg sent
[2018-03-27 06:58:34,836] INFO msg ip: 127.0.0.1, port: 48676 ,channel:websocket.send!sXCbRvjFveZe
[2018-03-27 06:58:34,837] INFO start
[2018-03-27 06:58:34,837] INFO starts
[2018-03-27 06:58:34,837] INFO startss
[2018-03-27 06:58:34,838] INFO Msg sent
[2018-03-27 07:07:57,649] INFO msg ip: 127.0.0.1, port: 51088 ,channel:websocket.send!iygopNUdykcX
[2018-03-27 07:07:57,650] INFO start
[2018-03-27 07:07:57,650] INFO starts
[2018-03-27 07:07:57,650] INFO startss
[2018-03-27 07:07:57,651] INFO Msg sent
[2018-03-27 07:08:03,130] INFO msg ip: 127.0.0.1, port: 51162 ,channel:websocket.send!IooJkJKSYnpW
[2018-03-27 07:08:03,131] INFO start
[2018-03-27 07:08:03,131] INFO starts
[2018-03-27 07:08:03,131] INFO startss
[2018-03-27 07:08:03,132] INFO Msg sent
[2018-03-27 07:08:19,809] INFO msg ip: 127.0.0.1, port: 51248 ,channel:websocket.send!dJWSYAMiDJXL
[2018-03-27 07:08:19,810] INFO start
[2018-03-27 07:08:19,811] INFO starts
[2018-03-27 07:08:19,811] INFO startss
[2018-03-27 07:08:19,812] INFO Msg sent
[2018-03-27 07:08:52,236] DEBUG using room_url: ^meeting/(?P<room_id>[^/]+)/$
[2018-03-27 07:08:52,302] DEBUG using room_url: ^meeting/(?P<room_id>[^/]+)/$
[2018-03-27 07:09:26,301] INFO msg ip: 127.0.0.1, port: 51622 ,channel:websocket.send!jJcppNnAwpwf
[2018-03-27 07:09:26,302] INFO start
[2018-03-27 07:09:26,303] INFO starts
[2018-03-27 07:09:26,303] INFO startss
[2018-03-27 07:09:26,303] INFO Msg sent
[2018-03-27 07:09:40,269] INFO msg ip: 127.0.0.1, port: 51690 ,channel:websocket.send!gsbryrYPFVWy
[2018-03-27 07:09:40,269] INFO start
[2018-03-27 07:09:40,270] INFO starts
[2018-03-27 07:09:40,270] INFO startss
[2018-03-27 07:09:40,270] INFO Msg sent
[2018-03-27 07:10:47,747] INFO msg ip: 127.0.0.1, port: 52016 ,channel:websocket.send!RWUoyzKwWgND
[2018-03-27 07:10:47,747] INFO start
[2018-03-27 07:10:47,748] INFO starts
[2018-03-27 07:10:47,748] INFO startss
[2018-03-27 07:10:47,748] INFO Msg sent
[2018-03-27 07:13:15,299] INFO msg ip: 127.0.0.1, port: 52684 ,channel:websocket.send!qLMOGUDIkfHw
[2018-03-27 07:13:15,301] INFO start
[2018-03-27 07:13:15,301] INFO starts
[2018-03-27 07:13:15,302] INFO startss
[2018-03-27 07:13:15,303] INFO Msg sent
[2018-03-27 07:13:56,418] INFO msg ip: 127.0.0.1, port: 52890 ,channel:websocket.send!cvuEylHEvJNG
[2018-03-27 07:13:56,419] INFO start
[2018-03-27 07:13:56,419] INFO starts
[2018-03-27 07:13:56,419] INFO startss
[2018-03-27 07:13:56,420] INFO Msg sent
[2018-03-27 07:14:21,692] INFO msg ip: 127.0.0.1, port: 53032 ,channel:websocket.send!FEREJzgSNwEt
[2018-03-27 07:14:21,693] INFO start
[2018-03-27 07:14:21,693] INFO starts
[2018-03-27 07:14:21,693] INFO startss
[2018-03-27 07:14:21,694] INFO Msg sent
[2018-03-27 07:15:32,260] INFO msg ip: 127.0.0.1, port: 53310 ,channel:websocket.send!QkCAGeobvNMF
[2018-03-27 07:15:32,260] INFO start
[2018-03-27 07:15:32,261] INFO starts
[2018-03-27 07:15:32,261] INFO startss
[2018-03-27 07:15:32,261] INFO Msg sent
[2018-03-27 07:15:44,221] INFO msg ip: 127.0.0.1, port: 53352 ,channel:websocket.send!FnLiEhFgZaxa
[2018-03-27 07:15:44,222] INFO start
[2018-03-27 07:15:44,222] INFO starts
[2018-03-27 07:15:44,222] INFO startss
[2018-03-27 07:15:44,222] INFO Msg sent
[2018-03-27 07:17:10,414] INFO msg ip: 127.0.0.1, port: 53750 ,channel:websocket.send!FqSeYdygxKkg
[2018-03-27 07:17:10,415] INFO start
[2018-03-27 07:17:10,415] INFO starts
[2018-03-27 07:17:10,415] INFO startss
[2018-03-27 07:17:10,415] INFO Msg sent
[2018-03-27 07:17:32,047] INFO msg ip: 127.0.0.1, port: 53890 ,channel:websocket.send!yxcqXkFJgZyM
[2018-03-27 07:17:32,051] INFO start
[2018-03-27 07:17:32,051] INFO starts
[2018-03-27 07:17:32,051] INFO startss
[2018-03-27 07:17:32,052] INFO Msg sent
[2018-03-27 07:18:09,749] INFO msg ip: 127.0.0.1, port: 54048 ,channel:websocket.send!mRRMGcaLoisr
[2018-03-27 07:18:09,749] INFO start
[2018-03-27 07:18:09,749] INFO starts
[2018-03-27 07:18:09,750] INFO startss
[2018-03-27 07:18:09,750] INFO Msg sent
[2018-03-27 07:24:36,069] INFO msg ip: 127.0.0.1, port: 55738 ,channel:websocket.send!MByIFgbLnxpH
[2018-03-27 07:24:36,071] INFO start
[2018-03-27 07:24:36,071] INFO starts
[2018-03-27 07:24:36,071] INFO startss
[2018-03-27 07:24:36,072] INFO Msg sent
[2018-03-27 07:24:40,363] DEBUG using room_url: ^meeting/(?P<room_id>[^/]+)/$
[2018-03-27 07:24:40,374] DEBUG using room_url: ^meeting/(?P<room_id>[^/]+)/$
[2018-03-27 07:25:06,659] INFO msg ip: 127.0.0.1, port: 55880 ,channel:websocket.send!tKkTOwJobfUd
[2018-03-27 07:25:06,660] INFO start
[2018-03-27 07:25:06,660] INFO starts
[2018-03-27 07:25:06,660] INFO startss
[2018-03-27 07:25:06,661] INFO Msg sent
[2018-03-27 07:28:24,394] DEBUG using room_url: ^meeting/(?P<room_id>[^/]+)/$
[2018-03-27 07:28:24,397] DEBUG using room_url: ^meeting/(?P<room_id>[^/]+)/$
[2018-03-27 07:28:33,107] INFO msg ip: 127.0.0.1, port: 56772 ,channel:websocket.send!DgjOIGMVxnDy
[2018-03-27 07:28:33,108] INFO start
[2018-03-27 07:28:33,108] INFO starts
[2018-03-27 07:28:33,108] INFO startss
[2018-03-27 07:28:33,109] INFO Msg sent
[2018-03-27 07:29:41,781] INFO msg ip: 127.0.0.1, port: 57062 ,channel:websocket.send!egBfqoCcHAuc
[2018-03-27 07:29:41,781] INFO start
[2018-03-27 07:29:41,781] INFO starts
[2018-03-27 07:29:41,782] INFO startss
[2018-03-27 07:29:41,782] INFO Msg sent
[2018-03-27 07:29:58,342] INFO msg ip: 127.0.0.1, port: 57196 ,channel:websocket.send!oEuUEfVeMkBa
[2018-03-27 07:29:58,343] INFO start
[2018-03-27 07:29:58,343] INFO starts
[2018-03-27 07:29:58,344] INFO startss
[2018-03-27 07:29:58,344] INFO Msg sent
[2018-03-27 07:30:43,732] INFO msg ip: 127.0.0.1, port: 57390 ,channel:websocket.send!ByoAKFaMoSnL
[2018-03-27 07:30:43,733] INFO start
[2018-03-27 07:30:43,733] INFO starts
[2018-03-27 07:30:43,733] INFO startss
[2018-03-27 07:30:43,734] INFO Msg sent
[2018-03-27 07:31:13,241] INFO msg ip: 127.0.0.1, port: 57510 ,channel:websocket.send!vnfgyyzBMond
[2018-03-27 07:31:13,242] INFO start
[2018-03-27 07:31:13,242] INFO starts
[2018-03-27 07:31:13,242] INFO startss
[2018-03-27 07:31:13,242] INFO Msg sent
[2018-03-27 07:31:24,731] INFO msg ip: 127.0.0.1, port: 57562 ,channel:websocket.send!dATuEOmyVJGT
[2018-03-27 07:31:24,733] INFO start
[2018-03-27 07:31:24,733] INFO starts
[2018-03-27 07:31:24,733] INFO startss
[2018-03-27 07:31:24,736] INFO Msg sent
[2018-03-27 07:43:37,153] INFO msg ip: 127.0.0.1, port: 60638 ,channel:websocket.send!HCyvNzlPaUQo
[2018-03-27 07:43:37,154] INFO start
[2018-03-27 07:43:37,154] INFO starts
[2018-03-27 07:43:37,154] INFO startss
[2018-03-27 07:43:37,155] INFO Msg sent
[2018-03-27 08:05:40,087] INFO msg ip: 127.0.0.1, port: 37926 ,channel:websocket.send!kKgnpbCOwaET
[2018-03-27 08:05:40,088] INFO start
[2018-03-27 08:05:40,089] INFO starts
[2018-03-27 08:05:40,089] INFO startss
[2018-03-27 08:05:40,089] INFO Msg sent
[2018-03-27 08:07:20,070] INFO msg ip: 127.0.0.1, port: 38398 ,channel:websocket.send!hgrPlLUeTsLV
[2018-03-27 08:07:20,071] INFO start
[2018-03-27 08:07:20,071] INFO starts
[2018-03-27 08:07:20,071] INFO startss
[2018-03-27 08:07:20,072] INFO Msg sent
[2018-03-27 08:08:40,552] INFO msg ip: 127.0.0.1, port: 38766 ,channel:websocket.send!iDUrnLRMsxbn
[2018-03-27 08:08:40,553] INFO start
[2018-03-27 08:08:40,553] INFO starts
[2018-03-27 08:08:40,553] INFO startss
[2018-03-27 08:08:40,554] INFO Msg sent
[2018-03-27 08:08:52,572] INFO msg ip: 127.0.0.1, port: 38830 ,channel:websocket.send!tbMdvketYKCT
[2018-03-27 08:08:52,572] INFO start
[2018-03-27 08:08:52,572] INFO starts
[2018-03-27 08:08:52,572] INFO startss
[2018-03-27 08:08:52,573] INFO Msg sent
[2018-03-27 08:09:45,473] INFO msg ip: 127.0.0.1, port: 39106 ,channel:websocket.send!DMbJcljImNpC
[2018-03-27 08:09:45,474] INFO start
[2018-03-27 08:09:45,475] INFO starts
[2018-03-27 08:09:45,476] INFO startss
[2018-03-27 08:09:45,477] INFO Msg sent
[2018-03-27 08:10:43,132] INFO msg ip: 127.0.0.1, port: 39378 ,channel:websocket.send!mrCrrpSxIfqP
[2018-03-27 08:10:43,133] INFO start
[2018-03-27 08:10:43,134] INFO starts
[2018-03-27 08:10:43,134] INFO startss
[2018-03-27 08:10:43,139] INFO Msg sent
[2018-03-27 08:10:55,404] INFO msg ip: 127.0.0.1, port: 39466 ,channel:websocket.send!cCttGqllcBcf
[2018-03-27 08:10:55,405] INFO start
[2018-03-27 08:10:55,405] INFO starts
[2018-03-27 08:10:55,405] INFO startss
[2018-03-27 08:10:55,406] INFO Msg sent
[2018-03-27 08:11:26,845] INFO msg ip: 127.0.0.1, port: 39622 ,channel:websocket.send!tLMWkGAcyZhK
[2018-03-27 08:11:26,846] INFO start
[2018-03-27 08:11:26,846] INFO starts
[2018-03-27 08:11:26,846] INFO startss
[2018-03-27 08:11:26,847] INFO Msg sent
[2018-03-27 08:11:41,608] INFO msg ip: 127.0.0.1, port: 39718 ,channel:websocket.send!gnYrtQcaoXGr
[2018-03-27 08:11:41,609] INFO start
[2018-03-27 08:11:41,609] INFO starts
[2018-03-27 08:11:41,609] INFO startss
[2018-03-27 08:11:41,610] INFO Msg sent
[2018-03-27 08:13:36,261] INFO msg ip: 127.0.0.1, port: 40212 ,channel:websocket.send!lytKaaLuhvAw
[2018-03-27 08:13:36,263] INFO start
[2018-03-27 08:13:36,265] INFO starts
[2018-03-27 08:13:36,266] INFO startss
[2018-03-27 08:13:36,266] INFO Msg sent
[2018-03-27 08:20:56,994] INFO msg ip: 127.0.0.1, port: 42038 ,channel:websocket.send!lvmYqyHPhmzk
[2018-03-27 08:20:56,995] INFO start
[2018-03-27 08:20:56,996] INFO starts
[2018-03-27 08:20:56,997] INFO startss
[2018-03-27 08:20:56,998] INFO Msg sent
[2018-03-27 08:21:02,956] DEBUG using room_url: ^meeting/(?P<room_id>[^/]+)/$
[2018-03-27 08:21:03,013] DEBUG using room_url: ^meeting/(?P<room_id>[^/]+)/$
[2018-03-27 08:21:28,514] INFO msg ip: 127.0.0.1, port: 42198 ,channel:websocket.send!IgZNvuHXnRtC
[2018-03-27 08:21:28,515] INFO start
[2018-03-27 08:21:28,515] INFO starts
[2018-03-27 08:21:28,516] INFO startss
[2018-03-27 08:21:28,517] INFO Msg sent
[2018-03-27 08:23:33,255] DEBUG using room_url: ^meeting/(?P<room_id>[^/]+)/$
[2018-03-27 08:23:33,732] DEBUG using room_url: ^meeting/(?P<room_id>[^/]+)/$
[2018-03-27 08:23:39,061] INFO msg ip: 127.0.0.1, port: 42830 ,channel:websocket.send!zqNOWpvBXZZX
[2018-03-27 08:23:39,063] INFO start
[2018-03-27 08:23:39,063] INFO starts
[2018-03-27 08:23:39,063] INFO startss
[2018-03-27 08:23:39,064] INFO Msg sent
[2018-03-27 08:24:31,320] INFO msg ip: 127.0.0.1, port: 43092 ,channel:websocket.send!nKKBvcgbRjNK
[2018-03-27 08:24:31,321] INFO start
[2018-03-27 08:24:31,321] INFO starts
[2018-03-27 08:24:31,321] INFO startss
[2018-03-27 08:24:31,322] INFO Msg sent
[2018-03-27 08:25:45,137] INFO msg ip: 127.0.0.1, port: 43452 ,channel:websocket.send!KXcTqsuyTyoR
[2018-03-27 08:25:45,139] INFO start
[2018-03-27 08:25:45,139] INFO starts
[2018-03-27 08:25:45,139] INFO startss
[2018-03-27 08:25:45,140] INFO Msg sent
[2018-03-27 08:38:34,665] INFO msg ip: 127.0.0.1, port: 46794 ,channel:websocket.send!QaraVHrBxVfb
[2018-03-27 08:38:34,665] INFO start
[2018-03-27 08:38:34,666] INFO starts
[2018-03-27 08:38:34,666] INFO startss
[2018-03-27 08:38:34,666] INFO Msg sent
[2018-03-27 08:38:47,948] INFO msg ip: 127.0.0.1, port: 46866 ,channel:websocket.send!yzJrOGpRvDRH
[2018-03-27 08:38:47,950] INFO start
[2018-03-27 08:38:47,950] INFO starts
[2018-03-27 08:38:47,950] INFO startss
[2018-03-27 08:38:47,950] INFO Msg sent
[2018-03-27 08:39:39,151] INFO msg ip: 127.0.0.1, port: 47080 ,channel:websocket.send!kABMtssrdwdq
[2018-03-27 08:39:39,153] INFO start
[2018-03-27 08:39:39,153] INFO starts
[2018-03-27 08:39:39,153] INFO startss
[2018-03-27 08:39:39,154] INFO Msg sent
[2018-03-27 09:17:00,797] INFO msg ip: 127.0.0.1, port: 56246 ,channel:websocket.send!ccyFxxynnMco
[2018-03-27 09:17:00,797] INFO start
[2018-03-27 09:17:00,798] INFO starts
[2018-03-27 09:17:00,798] INFO startss
[2018-03-27 09:17:00,798] INFO Msg sent
[2018-03-27 09:18:23,553] INFO msg ip: 127.0.0.1, port: 56624 ,channel:websocket.send!JUnnoPOILsKQ
[2018-03-27 09:18:23,554] INFO start
[2018-03-27 09:18:23,554] INFO starts
[2018-03-27 09:18:23,554] INFO startss
[2018-03-27 09:18:23,554] INFO Msg sent
[2018-03-27 09:30:01,684] INFO msg ip: 127.0.0.1, port: 58540 ,channel:websocket.send!bfMBeHlazswG
[2018-03-27 09:30:01,685] INFO start
[2018-03-27 09:30:01,685] INFO starts
[2018-03-27 09:30:01,685] INFO startss
[2018-03-27 09:30:01,686] INFO Msg sent
[2018-03-27 12:44:19,848] INFO msg ip: 127.0.0.1, port: 49898 ,channel:websocket.send!HKgRHBLCkcor
[2018-03-27 12:44:19,849] INFO start
[2018-03-27 12:44:19,849] INFO starts
[2018-03-27 12:44:19,849] INFO startss
[2018-03-27 12:44:19,850] INFO Msg sent
[2018-03-27 12:48:10,059] DEBUG using room_url: ^meeting/(?P<room_id>[^/]+)/$
[2018-03-27 12:48:10,069] DEBUG using room_url: ^meeting/(?P<room_id>[^/]+)/$
[2018-03-27 12:49:44,902] INFO msg ip: 127.0.0.1, port: 51414 ,channel:websocket.send!yIEorDwRDoBm
[2018-03-27 12:49:44,902] INFO start
[2018-03-27 12:49:44,903] INFO starts
[2018-03-27 12:49:44,903] INFO startss
[2018-03-27 12:49:44,903] INFO Msg sent
[2018-03-27 12:49:45,173] INFO msg ip: 127.0.0.1, port: 51418 ,channel:websocket.send!UFlALJqurgfU
[2018-03-27 12:49:45,174] INFO start
[2018-03-27 12:49:45,175] INFO starts
[2018-03-27 12:49:45,175] INFO startss
[2018-03-27 12:49:45,176] INFO Msg sent
[2018-03-27 12:50:05,384] INFO msg ip: 127.0.0.1, port: 51550 ,channel:websocket.send!UPnmlVVCDyBZ
[2018-03-27 12:50:05,386] INFO start
[2018-03-27 12:50:05,386] INFO starts
[2018-03-27 12:50:05,386] INFO startss
[2018-03-27 12:50:05,386] INFO Msg sent
[2018-03-27 12:52:26,046] INFO msg ip: 127.0.0.1, port: 52288 ,channel:websocket.send!wFdDhzimLWDP
[2018-03-27 12:52:26,047] INFO start
[2018-03-27 12:52:26,048] INFO starts
[2018-03-27 12:52:26,048] INFO startss
[2018-03-27 12:52:26,050] INFO Msg sent
[2018-03-27 12:52:49,083] INFO msg ip: 127.0.0.1, port: 52422 ,channel:websocket.send!WCfIFVseaKLx
[2018-03-27 12:52:49,083] INFO start
[2018-03-27 12:52:49,083] INFO starts
[2018-03-27 12:52:49,083] INFO startss
[2018-03-27 12:52:49,084] INFO Msg sent
[2018-03-27 12:52:53,490] INFO msg ip: 127.0.0.1, port: 52486 ,channel:websocket.send!CBWPmUDqGguz
[2018-03-27 12:52:53,492] INFO start
[2018-03-27 12:52:53,492] INFO starts
[2018-03-27 12:52:53,492] INFO startss
[2018-03-27 12:52:53,493] INFO Msg sent
[2018-03-27 12:53:13,740] INFO msg ip: 127.0.0.1, port: 52596 ,channel:websocket.send!MnTcMQqSIXaW
[2018-03-27 12:53:13,741] INFO start
[2018-03-27 12:53:13,741] INFO starts
[2018-03-27 12:53:13,741] INFO startss
[2018-03-27 12:53:13,742] INFO Msg sent
[2018-03-27 13:00:30,326] INFO msg ip: 127.0.0.1, port: 54582 ,channel:websocket.send!AaXbSukonLHw
[2018-03-27 13:00:30,327] INFO start
[2018-03-27 13:00:30,327] INFO starts
[2018-03-27 13:00:30,327] INFO startss
[2018-03-27 13:00:30,328] INFO Msg sent
[2018-03-27 13:00:45,598] INFO msg ip: 127.0.0.1, port: 54682 ,channel:websocket.send!IoAhflaGLInE
[2018-03-27 13:00:45,598] INFO start
[2018-03-27 13:00:45,598] INFO starts
[2018-03-27 13:00:45,598] INFO startss
[2018-03-27 13:00:45,599] INFO Msg sent
[2018-03-27 13:01:05,185] INFO msg ip: 127.0.0.1, port: 54820 ,channel:websocket.send!BuqNuYXfYxEl
[2018-03-27 13:01:05,186] INFO start
[2018-03-27 13:01:05,186] INFO starts
[2018-03-27 13:01:05,186] INFO startss
[2018-03-27 13:01:05,187] INFO Msg sent
[2018-03-27 13:03:47,331] INFO msg ip: 127.0.0.1, port: 55602 ,channel:websocket.send!EzSPVhIAhxaK
[2018-03-27 13:03:47,332] INFO start
[2018-03-27 13:03:47,332] INFO starts
[2018-03-27 13:03:47,332] INFO startss
[2018-03-27 13:03:47,333] INFO Msg sent
[2018-03-27 13:04:11,808] INFO msg ip: 127.0.0.1, port: 55780 ,channel:websocket.send!GaeBLFtttlkw
[2018-03-27 13:04:11,810] INFO start
[2018-03-27 13:04:11,810] INFO starts
[2018-03-27 13:04:11,810] INFO startss
[2018-03-27 13:04:11,811] INFO Msg sent
[2018-03-27 13:04:55,083] INFO msg ip: 127.0.0.1, port: 56008 ,channel:websocket.send!ZJOIRXLhVYEA
[2018-03-27 13:04:55,084] INFO start
[2018-03-27 13:04:55,085] INFO starts
[2018-03-27 13:04:55,085] INFO startss
[2018-03-27 13:04:55,085] INFO Msg sent
[2018-03-27 13:05:01,682] INFO msg ip: 127.0.0.1, port: 56074 ,channel:websocket.send!KlPSLOFnjRXd
[2018-03-27 13:05:01,682] INFO start
[2018-03-27 13:05:01,683] INFO starts
[2018-03-27 13:05:01,683] INFO startss
[2018-03-27 13:05:01,683] INFO Msg sent
[2018-03-27 13:07:25,721] INFO msg ip: 127.0.0.1, port: 56680 ,channel:websocket.send!NWljrLWqBqMx
[2018-03-27 13:07:25,721] INFO start
[2018-03-27 13:07:25,721] INFO starts
[2018-03-27 13:07:25,722] INFO startss
[2018-03-27 13:07:25,722] INFO Msg sent
[2018-03-27 13:08:00,732] INFO msg ip: 127.0.0.1, port: 56904 ,channel:websocket.send!HWNlOriftBJZ
[2018-03-27 13:08:00,733] INFO start
[2018-03-27 13:08:00,733] INFO starts
[2018-03-27 13:08:00,733] INFO startss
[2018-03-27 13:08:00,734] INFO Msg sent
[2018-03-27 13:08:16,496] INFO msg ip: 127.0.0.1, port: 57012 ,channel:websocket.send!DDOGcGnHtliE
[2018-03-27 13:08:16,497] INFO start
[2018-03-27 13:08:16,497] INFO starts
[2018-03-27 13:08:16,497] INFO startss
[2018-03-27 13:08:16,497] INFO Msg sent
[2018-03-27 13:14:15,281] INFO msg ip: 127.0.0.1, port: 58490 ,channel:websocket.send!JNGsvsmMrbIe
[2018-03-27 13:14:15,282] INFO start
[2018-03-27 13:14:15,282] INFO starts
[2018-03-27 13:14:15,282] INFO startss
[2018-03-27 13:14:15,283] INFO Msg sent
[2018-03-27 20:28:28,211] DEBUG using room_url: ^meeting/(?P<room_id>[^/]+)/$
[2018-03-27 20:28:28,216] DEBUG using room_url: ^meeting/(?P<room_id>[^/]+)/$
[2018-03-27 20:28:31,994] DEBUG using room_url: ^meeting/(?P<room_id>[^/]+)/$
[2018-03-27 20:28:35,017] DEBUG using room_url: ^meeting/(?P<room_id>[^/]+)/$
[2018-03-27 20:28:38,033] DEBUG using room_url: ^meeting/(?P<room_id>[^/]+)/$
[2018-03-27 20:28:41,235] DEBUG using room_url: ^meeting/(?P<room_id>[^/]+)/$
[2018-03-27 20:28:44,359] DEBUG using room_url: ^meeting/(?P<room_id>[^/]+)/$
[2018-03-27 20:28:47,577] DEBUG using room_url: ^meeting/(?P<room_id>[^/]+)/$
[2018-03-27 20:28:50,646] DEBUG using room_url: ^meeting/(?P<room_id>[^/]+)/$
[2018-03-27 20:28:53,666] DEBUG using room_url: ^meeting/(?P<room_id>[^/]+)/$
[2018-03-27 20:28:56,790] DEBUG using room_url: ^meeting/(?P<room_id>[^/]+)/$
[2018-03-27 20:28:59,849] DEBUG using room_url: ^meeting/(?P<room_id>[^/]+)/$
[2018-03-27 20:29:02,872] DEBUG using room_url: ^meeting/(?P<room_id>[^/]+)/$
[2018-03-27 20:29:05,879] DEBUG using room_url: ^meeting/(?P<room_id>[^/]+)/$
[2018-03-27 20:29:08,860] DEBUG using room_url: ^meeting/(?P<room_id>[^/]+)/$
[2018-03-27 20:29:11,857] DEBUG using room_url: ^meeting/(?P<room_id>[^/]+)/$
